given is experimental at /var/spool/gridengine/execd/smblade16a1/job_scripts/2361377 line 18.

Starting "/usr/autodesk/maya2020/bin/maya"
QStandardPaths: XDG_RUNTIME_DIR not set, defaulting to '/tmp/2361377.1.long.q/runtime-cwang85'
Warning: file: /home/cwang85/maya/2020/prefs/filePathEditorRegistryPrefs.mel line 4: filePathEditor: Attribute 'aiImage.filename' is invalid or is not designated 'usedAsFilename'.
Warning: file: /home/cwang85/maya/2020/prefs/filePathEditorRegistryPrefs.mel line 5: filePathEditor: Attribute 'aiPhotometricLight.aiFilename' is invalid or is not designated 'usedAsFilename'.
Warning: file: /home/cwang85/maya/2020/prefs/filePathEditorRegistryPrefs.mel line 7: filePathEditor: Attribute 'aiVolume.filename' is invalid or is not designated 'usedAsFilename'.
Warning: line 1: filePathEditor: Attribute 'aiVolume.filename' and label 'VDB' have been saved already.
Warning: line 1: filePathEditor: Attribute 'aiImage.filename' and label 'Image' have been saved already.
Warning: line 1: filePathEditor: Attribute 'aiPhotometricLight.aiFilename' and label 'IES' have been saved already.
Successfully imported python module 'arnold'
Successfully imported python module 'mtoa'
root : ERROR : code for hash md5 was not found.
Traceback (most recent call last):
  File "/usr/autodesk/maya2020/lib/python27.zip/hashlib.py", line 147, in <module>
    globals()[__func_name] = __get_hash(__func_name)
  File "/usr/autodesk/maya2020/lib/python27.zip/hashlib.py", line 97, in __get_builtin_constructor
    raise ValueError('unsupported hash type ' + name)
ValueError: unsupported hash type md5
root : ERROR : code for hash sha1 was not found.
Traceback (most recent call last):
  File "/usr/autodesk/maya2020/lib/python27.zip/hashlib.py", line 147, in <module>
    globals()[__func_name] = __get_hash(__func_name)
  File "/usr/autodesk/maya2020/lib/python27.zip/hashlib.py", line 97, in __get_builtin_constructor
    raise ValueError('unsupported hash type ' + name)
ValueError: unsupported hash type sha1
root : ERROR : code for hash sha224 was not found.
Traceback (most recent call last):
  File "/usr/autodesk/maya2020/lib/python27.zip/hashlib.py", line 147, in <module>
    globals()[__func_name] = __get_hash(__func_name)
  File "/usr/autodesk/maya2020/lib/python27.zip/hashlib.py", line 97, in __get_builtin_constructor
    raise ValueError('unsupported hash type ' + name)
ValueError: unsupported hash type sha224
root : ERROR : code for hash sha256 was not found.
Traceback (most recent call last):
  File "/usr/autodesk/maya2020/lib/python27.zip/hashlib.py", line 147, in <module>
    globals()[__func_name] = __get_hash(__func_name)
  File "/usr/autodesk/maya2020/lib/python27.zip/hashlib.py", line 97, in __get_builtin_constructor
    raise ValueError('unsupported hash type ' + name)
ValueError: unsupported hash type sha256
root : ERROR : code for hash sha384 was not found.
Traceback (most recent call last):
  File "/usr/autodesk/maya2020/lib/python27.zip/hashlib.py", line 147, in <module>
    globals()[__func_name] = __get_hash(__func_name)
  File "/usr/autodesk/maya2020/lib/python27.zip/hashlib.py", line 97, in __get_builtin_constructor
    raise ValueError('unsupported hash type ' + name)
ValueError: unsupported hash type sha384
root : ERROR : code for hash sha512 was not found.
Traceback (most recent call last):
  File "/usr/autodesk/maya2020/lib/python27.zip/hashlib.py", line 147, in <module>
    globals()[__func_name] = __get_hash(__func_name)
  File "/usr/autodesk/maya2020/lib/python27.zip/hashlib.py", line 97, in __get_builtin_constructor
    raise ValueError('unsupported hash type ' + name)
ValueError: unsupported hash type sha512
Successfully registered renderer 'arnold'
Error: line 1: RuntimeError: file <maya console> line 1: Plug-in, "vrayformaya", was not found on MAYA_PLUG_IN_PATH.
Warning: line 1: Unrecognized node type for node 'vraySettings'; preserving node information during this session.
Warning: line 1: Errors have occurred while reading this scene that may result in data loss.
File read in  7.1 seconds.
Result: /course/cs125_projects/elevator/elevator/sets/apartment_set/full_sets/FullSet_Scene5_Part2_Dec6_Geoffrey3.mb
Error: file: /usr/autodesk/maya2020/scripts/others/makeCameraRenderable.mel line 34: Camera ONE_inside_elevator does not exist.
Error: file: /tmp/2361377.1.long.q/ASTMPvjiJZg.mel line 34: Scene /course/cs125_projects/elevator/elevator/sets/apartment_set/full_sets/FullSet_Scene5_Part2_Dec6_Geoffrey3.mb failed to render.

// Maya exited with status 210
